app/build/intermediates/manifest_merge_blame_file/debug/manifest-merger-blame-debug-report.txt
1<?xml version="1.0" encoding="utf-8"?>
2<manifest xmlns:android="http://schemas.android.com/apk/res/android"
3    package="com.parkinncharge.parkinncharge"
4    android:versionCode="1"
5    android:versionName="1.0" >
6
7    <uses-sdk
8        android:minSdkVersion="19"
8-->src\main\AndroidManifest.xml
9        android:targetSdkVersion="28" />
9-->src\main\AndroidManifest.xml
10    <!--
11         The ACCESS_COARSE/FINE_LOCATION permissions are not required to use
12         Google Maps Android API v2, but you must specify either coarse or fine
13         location permissions for the 'MyLocation' functionality.
14    -->
15    <uses-permission android:name="android.permission.ACCESS_COARSE_LOCATION" />
15-->src\main\AndroidManifest.xml:9:5-81
15-->src\main\AndroidManifest.xml:9:22-78
16    <uses-permission android:name="android.permission.ACCESS_FINE_LOCATION" />
16-->src\main\AndroidManifest.xml:10:5-79
16-->src\main\AndroidManifest.xml:10:22-76
17    <uses-permission android:name="android.permission.ACCESS_NETWORK_STATE" />
17-->src\main\AndroidManifest.xml:11:5-79
17-->src\main\AndroidManifest.xml:11:22-76
18    <uses-permission android:name="android.permission.INTERNET" />
18-->src\main\AndroidManifest.xml:12:5-67
18-->src\main\AndroidManifest.xml:12:22-64
19    <uses-permission android:name="android.permission.CAMERA" />
19-->src\main\AndroidManifest.xml:13:5-65
19-->src\main\AndroidManifest.xml:13:22-62
20    <uses-permission android:name="android.permission.ACCESS_WIFI_STATE" />
20-->[com.google.android.libraries.places:places:2.0.0] AndroidManifest.xml:10:5-76
20-->[com.google.android.libraries.places:places:2.0.0] AndroidManifest.xml:10:22-73
21
22    <uses-feature
22-->[com.google.android.gms:play-services-maps:17.0.0] AndroidManifest.xml:26:5-28:35
23        android:glEsVersion="0x00020000"
23-->[com.google.android.gms:play-services-maps:17.0.0] AndroidManifest.xml:27:9-41
24        android:required="true" /> <!-- Don't require camera, as this requires a rear camera. This allows it to work on the Nexus 7 -->
24-->[com.google.android.gms:play-services-maps:17.0.0] AndroidManifest.xml:28:9-32
25    <uses-feature
25-->[com.journeyapps:zxing-android-embedded:3.0.2] AndroidManifest.xml:26:5-28:36
26        android:name="android.hardware.camera"
26-->[com.journeyapps:zxing-android-embedded:3.0.2] AndroidManifest.xml:27:9-47
27        android:required="false" />
27-->[com.journeyapps:zxing-android-embedded:3.0.2] AndroidManifest.xml:28:9-33
28    <uses-feature
28-->[com.journeyapps:zxing-android-embedded:3.0.2] AndroidManifest.xml:29:5-31:36
29        android:name="android.hardware.camera.front"
29-->[com.journeyapps:zxing-android-embedded:3.0.2] AndroidManifest.xml:30:9-53
30        android:required="false" /> <!-- TODO replace above two with next line after Android 4.2 -->
30-->[com.journeyapps:zxing-android-embedded:3.0.2] AndroidManifest.xml:31:9-33
31    <!-- <uses-feature android:name="android.hardware.camera.any"/> -->
32    <uses-feature
32-->[com.journeyapps:zxing-android-embedded:3.0.2] AndroidManifest.xml:34:5-36:36
33        android:name="android.hardware.camera.autofocus"
33-->[com.journeyapps:zxing-android-embedded:3.0.2] AndroidManifest.xml:35:9-57
34        android:required="false" />
34-->[com.journeyapps:zxing-android-embedded:3.0.2] AndroidManifest.xml:36:9-33
35    <uses-feature
35-->[com.journeyapps:zxing-android-embedded:3.0.2] AndroidManifest.xml:37:5-39:36
36        android:name="android.hardware.camera.flash"
36-->[com.journeyapps:zxing-android-embedded:3.0.2] AndroidManifest.xml:38:9-53
37        android:required="false" />
37-->[com.journeyapps:zxing-android-embedded:3.0.2] AndroidManifest.xml:39:9-33
38    <uses-feature
38-->[com.journeyapps:zxing-android-embedded:3.0.2] AndroidManifest.xml:40:5-42:36
39        android:name="android.hardware.screen.landscape"
39-->[com.journeyapps:zxing-android-embedded:3.0.2] AndroidManifest.xml:41:9-57
40        android:required="false" />
40-->[com.journeyapps:zxing-android-embedded:3.0.2] AndroidManifest.xml:42:9-33
41    <uses-feature
41-->[com.journeyapps:zxing-android-embedded:3.0.2] AndroidManifest.xml:43:5-45:36
42        android:name="android.hardware.wifi"
42-->[com.journeyapps:zxing-android-embedded:3.0.2] AndroidManifest.xml:44:9-45
43        android:required="false" />
43-->[com.journeyapps:zxing-android-embedded:3.0.2] AndroidManifest.xml:45:9-33
44
45    <uses-permission android:name="android.permission.WAKE_LOCK" /> <!-- Required by older versions of Google Play services to create IID tokens -->
45-->[com.google.android.gms:play-services-measurement-api:17.2.2] AndroidManifest.xml:24:5-68
45-->[com.google.android.gms:play-services-measurement-api:17.2.2] AndroidManifest.xml:24:22-65
46    <uses-permission android:name="com.google.android.c2dm.permission.RECEIVE" />
46-->[com.google.firebase:firebase-iid:20.0.2] AndroidManifest.xml:26:5-82
46-->[com.google.firebase:firebase-iid:20.0.2] AndroidManifest.xml:26:22-79
47    <uses-permission android:name="com.google.android.finsky.permission.BIND_GET_INSTALL_REFERRER_SERVICE" />
47-->[com.google.android.gms:play-services-measurement:17.2.2] AndroidManifest.xml:26:5-110
47-->[com.google.android.gms:play-services-measurement:17.2.2] AndroidManifest.xml:26:22-107
48
49    <application
49-->src\main\AndroidManifest.xml:15:5-82:19
50        android:name="androidx.multidex.MultiDexApplication"
50-->src\main\AndroidManifest.xml:16:9-61
51        android:allowBackup="true"
51-->src\main\AndroidManifest.xml:17:9-35
52        android:appComponentFactory="androidx.core.app.CoreComponentFactory"
52-->[androidx.core:core:1.1.0] AndroidManifest.xml:24:18-86
53        android:debuggable="true"
54        android:icon="@mipmap/ic_launcher"
54-->src\main\AndroidManifest.xml:18:9-43
55        android:label="@string/app_name"
55-->src\main\AndroidManifest.xml:19:9-41
56        android:roundIcon="@mipmap/ic_launcher"
56-->src\main\AndroidManifest.xml:20:9-48
57        android:supportsRtl="true"
57-->src\main\AndroidManifest.xml:21:9-35
58        android:testOnly="true"
59        android:theme="@style/AppTheme" >
59-->src\main\AndroidManifest.xml:22:9-40
60        <activity android:name="com.parkinncharge.parkinncharge.progress3" />
60-->src\main\AndroidManifest.xml:23:9-56
60-->src\main\AndroidManifest.xml:23:19-44
61        <activity android:name="com.parkinncharge.parkinncharge.progress2" />
61-->src\main\AndroidManifest.xml:24:9-47
61-->src\main\AndroidManifest.xml:24:19-44
62        <activity android:name="com.parkinncharge.parkinncharge.progress1" />
62-->src\main\AndroidManifest.xml:25:9-47
62-->src\main\AndroidManifest.xml:25:19-44
63        <activity
63-->src\main\AndroidManifest.xml:26:9-28:59
64            android:name="com.parkinncharge.parkinncharge.Payment_Activity"
64-->src\main\AndroidManifest.xml:27:13-45
65            android:theme="@style/AppTheme.NoActionBar" />
65-->src\main\AndroidManifest.xml:28:13-56
66        <activity android:name="com.parkinncharge.parkinncharge.Verifyphonenumber" />
66-->src\main\AndroidManifest.xml:29:9-55
66-->src\main\AndroidManifest.xml:29:19-52
67        <activity android:name="com.parkinncharge.parkinncharge.Main3Activity" />
67-->src\main\AndroidManifest.xml:30:9-51
67-->src\main\AndroidManifest.xml:30:19-48
68        <activity
68-->src\main\AndroidManifest.xml:31:9-34:59
69            android:name="com.parkinncharge.parkinncharge.Main2Activity"
69-->src\main\AndroidManifest.xml:32:13-42
70            android:label="@string/title_activity_main2"
70-->src\main\AndroidManifest.xml:33:13-57
71            android:theme="@style/AppTheme.NoActionBar" />
71-->src\main\AndroidManifest.xml:34:13-56
72        <!--
73             The API key for Google Maps-based APIs is defined as a string resource.
74             (See the file "res/values/google_maps_api.xml").
75             Note that the API key is linked to the encryption key used to sign the APK.
76             You need a different API key for each encryption key, including the release key that is used to
77             sign the APK for publishing.
78             You can define the keys for the debug and release targets in src/debug/ and src/release/.
79        -->
80        <meta-data
80-->src\main\AndroidManifest.xml:43:9-45:55
81            android:name="com.google.android.geo.API_KEY"
81-->src\main\AndroidManifest.xml:44:13-58
82            android:value="@string/google_maps_key" />
82-->src\main\AndroidManifest.xml:45:13-52
83
84        <activity
84-->src\main\AndroidManifest.xml:47:9-49:59
85            android:name="com.parkinncharge.parkinncharge.MapsActivity"
85-->src\main\AndroidManifest.xml:48:13-41
86            android:label="@string/title_activity_maps" />
86-->src\main\AndroidManifest.xml:49:13-56
87        <activity android:name="com.parkinncharge.parkinncharge.MainActivity" >
87-->src\main\AndroidManifest.xml:50:9-56:20
87-->src\main\AndroidManifest.xml:50:19-47
88            <intent-filter>
88-->src\main\AndroidManifest.xml:51:13-55:29
89                <action android:name="android.intent.action.MAIN" />
89-->src\main\AndroidManifest.xml:52:17-69
89-->src\main\AndroidManifest.xml:52:25-66
90
91                <category android:name="android.intent.category.LAUNCHER" />
91-->src\main\AndroidManifest.xml:54:17-77
91-->src\main\AndroidManifest.xml:54:27-74
92            </intent-filter>
93        </activity>
94
95        <meta-data
95-->src\main\AndroidManifest.xml:58:9-60:63
96            android:name="com.facebook.sdk.ApplicationId"
96-->src\main\AndroidManifest.xml:59:13-58
97            android:value="@string/facebook_application_id" />
97-->src\main\AndroidManifest.xml:60:13-60
98
99        <activity
99-->src\main\AndroidManifest.xml:62:9-65:48
100            android:name="com.facebook.FacebookActivity"
100-->src\main\AndroidManifest.xml:63:13-57
101            android:configChanges="keyboard|keyboardHidden|screenLayout|screenSize|orientation"
101-->src\main\AndroidManifest.xml:64:13-96
102            android:label="@string/app_name"
102-->src\main\AndroidManifest.xml:65:13-45
103            android:theme="@style/com_facebook_activity_theme" />
103-->[com.facebook.android:facebook-common:5.15.3] AndroidManifest.xml:33:13-63
104        <activity
104-->src\main\AndroidManifest.xml:66:9-77:20
105            android:name="com.facebook.CustomTabActivity"
105-->src\main\AndroidManifest.xml:67:13-58
106            android:exported="true" >
106-->src\main\AndroidManifest.xml:68:13-36
107            <intent-filter>
107-->src\main\AndroidManifest.xml:69:13-76:29
108                <action android:name="android.intent.action.VIEW" />
108-->src\main\AndroidManifest.xml:70:17-69
108-->src\main\AndroidManifest.xml:70:25-66
109
110                <category android:name="android.intent.category.DEFAULT" />
110-->src\main\AndroidManifest.xml:72:17-76
110-->src\main\AndroidManifest.xml:72:27-73
111                <category android:name="android.intent.category.BROWSABLE" />
111-->src\main\AndroidManifest.xml:73:17-78
111-->src\main\AndroidManifest.xml:73:27-75
112
113                <data android:scheme="@string/facebook_application_id" />
113-->src\main\AndroidManifest.xml:75:17-74
113-->src\main\AndroidManifest.xml:75:23-71
114            </intent-filter>
115            <intent-filter>
115-->[com.firebaseui:firebase-ui-auth:4.3.1] AndroidManifest.xml:92:13-99:29
116                <action android:name="android.intent.action.VIEW" />
116-->src\main\AndroidManifest.xml:70:17-69
116-->src\main\AndroidManifest.xml:70:25-66
117
118                <category android:name="android.intent.category.DEFAULT" />
118-->src\main\AndroidManifest.xml:72:17-76
118-->src\main\AndroidManifest.xml:72:27-73
119                <category android:name="android.intent.category.BROWSABLE" />
119-->src\main\AndroidManifest.xml:73:17-78
119-->src\main\AndroidManifest.xml:73:27-75
120
121                <data android:scheme="@string/facebook_login_protocol_scheme" />
121-->src\main\AndroidManifest.xml:75:17-74
121-->src\main\AndroidManifest.xml:75:23-71
122            </intent-filter>
123            <intent-filter>
123-->[com.facebook.android:facebook-common:5.15.3] AndroidManifest.xml:39:13-48:29
124                <action android:name="android.intent.action.VIEW" />
124-->src\main\AndroidManifest.xml:70:17-69
124-->src\main\AndroidManifest.xml:70:25-66
125
126                <category android:name="android.intent.category.DEFAULT" />
126-->src\main\AndroidManifest.xml:72:17-76
126-->src\main\AndroidManifest.xml:72:27-73
127                <category android:name="android.intent.category.BROWSABLE" />
127-->src\main\AndroidManifest.xml:73:17-78
127-->src\main\AndroidManifest.xml:73:27-75
128
129                <data
129-->src\main\AndroidManifest.xml:75:17-74
130                    android:host="cct.com.parkinncharge.parkinncharge"
131                    android:scheme="fbconnect" />
131-->src\main\AndroidManifest.xml:75:23-71
132            </intent-filter>
133        </activity>
134
135        <meta-data
135-->src\main\AndroidManifest.xml:79:9-81:55
136            android:name="com.razorpay.ApiKey"
136-->src\main\AndroidManifest.xml:80:13-47
137            android:value="rzp_test_Xk70LwijqMfKDb" />
137-->src\main\AndroidManifest.xml:81:13-52
138        <meta-data
138-->[com.firebaseui:firebase-ui-auth:4.3.1] AndroidManifest.xml:16:9-18:69
139            android:name="com.google.android.gms.version"
139-->[com.firebaseui:firebase-ui-auth:4.3.1] AndroidManifest.xml:17:13-58
140            android:value="@integer/google_play_services_version" />
140-->[com.firebaseui:firebase-ui-auth:4.3.1] AndroidManifest.xml:18:13-66
141
142        <activity
142-->[com.firebaseui:firebase-ui-auth:4.3.1] AndroidManifest.xml:23:9-27:61
143            android:name="com.firebase.ui.auth.KickoffActivity"
143-->[com.firebaseui:firebase-ui-auth:4.3.1] AndroidManifest.xml:24:13-64
144            android:exported="false"
144-->[com.firebaseui:firebase-ui-auth:4.3.1] AndroidManifest.xml:25:13-37
145            android:label=""
145-->[com.firebaseui:firebase-ui-auth:4.3.1] AndroidManifest.xml:26:13-29
146            android:theme="@style/FirebaseUI.Transparent" />
146-->[com.firebaseui:firebase-ui-auth:4.3.1] AndroidManifest.xml:27:13-58
147        <activity
147-->[com.firebaseui:firebase-ui-auth:4.3.1] AndroidManifest.xml:28:9-32:61
148            android:name="com.firebase.ui.auth.ui.idp.SingleSignInActivity"
148-->[com.firebaseui:firebase-ui-auth:4.3.1] AndroidManifest.xml:29:13-76
149            android:exported="false"
149-->[com.firebaseui:firebase-ui-auth:4.3.1] AndroidManifest.xml:30:13-37
150            android:label=""
150-->[com.firebaseui:firebase-ui-auth:4.3.1] AndroidManifest.xml:31:13-29
151            android:theme="@style/FirebaseUI.Transparent" />
151-->[com.firebaseui:firebase-ui-auth:4.3.1] AndroidManifest.xml:32:13-58
152        <activity
152-->[com.firebaseui:firebase-ui-auth:4.3.1] AndroidManifest.xml:33:9-37:61
153            android:name="com.firebase.ui.auth.ui.credentials.CredentialSaveActivity"
153-->[com.firebaseui:firebase-ui-auth:4.3.1] AndroidManifest.xml:34:13-86
154            android:exported="false"
154-->[com.firebaseui:firebase-ui-auth:4.3.1] AndroidManifest.xml:35:13-37
155            android:label=""
155-->[com.firebaseui:firebase-ui-auth:4.3.1] AndroidManifest.xml:36:13-29
156            android:theme="@style/FirebaseUI.Transparent" />
156-->[com.firebaseui:firebase-ui-auth:4.3.1] AndroidManifest.xml:37:13-58
157        <activity
157-->[com.firebaseui:firebase-ui-auth:4.3.1] AndroidManifest.xml:38:9-42:58
158            android:name="com.firebase.ui.auth.ui.email.RecoverPasswordActivity"
158-->[com.firebaseui:firebase-ui-auth:4.3.1] AndroidManifest.xml:39:13-81
159            android:exported="false"
159-->[com.firebaseui:firebase-ui-auth:4.3.1] AndroidManifest.xml:40:13-37
160            android:label="@string/fui_title_recover_password_activity"
160-->[com.firebaseui:firebase-ui-auth:4.3.1] AndroidManifest.xml:41:13-72
161            android:windowSoftInputMode="adjustResize" />
161-->[com.firebaseui:firebase-ui-auth:4.3.1] AndroidManifest.xml:42:13-55
162        <activity
162-->[com.firebaseui:firebase-ui-auth:4.3.1] AndroidManifest.xml:43:9-47:58
163            android:name="com.firebase.ui.auth.ui.email.EmailActivity"
163-->[com.firebaseui:firebase-ui-auth:4.3.1] AndroidManifest.xml:44:13-71
164            android:exported="false"
164-->[com.firebaseui:firebase-ui-auth:4.3.1] AndroidManifest.xml:45:13-37
165            android:label="@string/fui_sign_in_default"
165-->[com.firebaseui:firebase-ui-auth:4.3.1] AndroidManifest.xml:46:13-56
166            android:windowSoftInputMode="adjustResize" />
166-->[com.firebaseui:firebase-ui-auth:4.3.1] AndroidManifest.xml:47:13-55
167        <activity
167-->[com.firebaseui:firebase-ui-auth:4.3.1] AndroidManifest.xml:48:9-52:77
168            android:name="com.firebase.ui.auth.ui.phone.PhoneActivity"
168-->[com.firebaseui:firebase-ui-auth:4.3.1] AndroidManifest.xml:49:13-71
169            android:exported="false"
169-->[com.firebaseui:firebase-ui-auth:4.3.1] AndroidManifest.xml:50:13-37
170            android:label="@string/fui_sign_in_with_phone_number"
170-->[com.firebaseui:firebase-ui-auth:4.3.1] AndroidManifest.xml:51:13-66
171            android:windowSoftInputMode="adjustResize|stateAlwaysVisible" />
171-->[com.firebaseui:firebase-ui-auth:4.3.1] AndroidManifest.xml:52:13-74
172        <activity
172-->[com.firebaseui:firebase-ui-auth:4.3.1] AndroidManifest.xml:53:9-57:58
173            android:name="com.firebase.ui.auth.ui.idp.WelcomeBackIdpPrompt"
173-->[com.firebaseui:firebase-ui-auth:4.3.1] AndroidManifest.xml:54:13-76
174            android:exported="false"
174-->[com.firebaseui:firebase-ui-auth:4.3.1] AndroidManifest.xml:55:13-37
175            android:label="@string/fui_title_welcome_back_idp_prompt"
175-->[com.firebaseui:firebase-ui-auth:4.3.1] AndroidManifest.xml:56:13-70
176            android:windowSoftInputMode="adjustResize" />
176-->[com.firebaseui:firebase-ui-auth:4.3.1] AndroidManifest.xml:57:13-55
177        <activity
177-->[com.firebaseui:firebase-ui-auth:4.3.1] AndroidManifest.xml:58:9-62:58
178            android:name="com.firebase.ui.auth.ui.email.WelcomeBackPasswordPrompt"
178-->[com.firebaseui:firebase-ui-auth:4.3.1] AndroidManifest.xml:59:13-83
179            android:exported="false"
179-->[com.firebaseui:firebase-ui-auth:4.3.1] AndroidManifest.xml:60:13-37
180            android:label="@string/fui_title_welcome_back_password_prompt"
180-->[com.firebaseui:firebase-ui-auth:4.3.1] AndroidManifest.xml:61:13-75
181            android:windowSoftInputMode="adjustResize" />
181-->[com.firebaseui:firebase-ui-auth:4.3.1] AndroidManifest.xml:62:13-55
182        <activity
182-->[com.firebaseui:firebase-ui-auth:4.3.1] AndroidManifest.xml:63:9-67:58
183            android:name="com.firebase.ui.auth.ui.email.WelcomeBackEmailLinkPrompt"
183-->[com.firebaseui:firebase-ui-auth:4.3.1] AndroidManifest.xml:64:13-84
184            android:exported="false"
184-->[com.firebaseui:firebase-ui-auth:4.3.1] AndroidManifest.xml:65:13-37
185            android:label="@string/fui_title_welcome_back_password_prompt"
185-->[com.firebaseui:firebase-ui-auth:4.3.1] AndroidManifest.xml:66:13-75
186            android:windowSoftInputMode="adjustResize" />
186-->[com.firebaseui:firebase-ui-auth:4.3.1] AndroidManifest.xml:67:13-55
187        <activity
187-->[com.firebaseui:firebase-ui-auth:4.3.1] AndroidManifest.xml:68:9-73:58
188            android:name="com.firebase.ui.auth.ui.email.EmailLinkCatcherActivity"
188-->[com.firebaseui:firebase-ui-auth:4.3.1] AndroidManifest.xml:69:13-82
189            android:exported="false"
189-->[com.firebaseui:firebase-ui-auth:4.3.1] AndroidManifest.xml:70:13-37
190            android:label=""
190-->[com.firebaseui:firebase-ui-auth:4.3.1] AndroidManifest.xml:71:13-29
191            android:theme="@style/FirebaseUI.Transparent"
191-->[com.firebaseui:firebase-ui-auth:4.3.1] AndroidManifest.xml:72:13-58
192            android:windowSoftInputMode="adjustResize" />
192-->[com.firebaseui:firebase-ui-auth:4.3.1] AndroidManifest.xml:73:13-55
193        <activity
193-->[com.firebaseui:firebase-ui-auth:4.3.1] AndroidManifest.xml:74:9-78:58
194            android:name="com.firebase.ui.auth.ui.email.EmailLinkErrorRecoveryActivity"
194-->[com.firebaseui:firebase-ui-auth:4.3.1] AndroidManifest.xml:75:13-88
195            android:exported="false"
195-->[com.firebaseui:firebase-ui-auth:4.3.1] AndroidManifest.xml:76:13-37
196            android:label="@string/fui_sign_in_default"
196-->[com.firebaseui:firebase-ui-auth:4.3.1] AndroidManifest.xml:77:13-56
197            android:windowSoftInputMode="adjustResize" />
197-->[com.firebaseui:firebase-ui-auth:4.3.1] AndroidManifest.xml:78:13-55
198        <activity
198-->[com.firebaseui:firebase-ui-auth:4.3.1] AndroidManifest.xml:79:9-82:65
199            android:name="com.firebase.ui.auth.ui.idp.AuthMethodPickerActivity"
199-->[com.firebaseui:firebase-ui-auth:4.3.1] AndroidManifest.xml:80:13-80
200            android:exported="false"
200-->[com.firebaseui:firebase-ui-auth:4.3.1] AndroidManifest.xml:81:13-37
201            android:label="@string/fui_default_toolbar_title" />
201-->[com.firebaseui:firebase-ui-auth:4.3.1] AndroidManifest.xml:82:13-62
202
203        <provider
203-->[com.firebaseui:firebase-ui-auth:4.3.1] AndroidManifest.xml:102:9-106:38
204            android:name="com.firebase.ui.auth.data.client.AuthUiInitProvider"
204-->[com.firebaseui:firebase-ui-auth:4.3.1] AndroidManifest.xml:103:13-79
205            android:authorities="com.parkinncharge.parkinncharge.authuiinitprovider"
205-->[com.firebaseui:firebase-ui-auth:4.3.1] AndroidManifest.xml:104:13-70
206            android:exported="false"
206-->[com.firebaseui:firebase-ui-auth:4.3.1] AndroidManifest.xml:105:13-37
207            android:initOrder="90" /> <!-- Autocomplete -->
207-->[com.firebaseui:firebase-ui-auth:4.3.1] AndroidManifest.xml:106:13-35
208        <activity
208-->[com.google.android.libraries.places:places:2.0.0] AndroidManifest.xml:16:9-23:20
209            android:name="com.google.android.libraries.places.widget.AutocompleteActivity"
209-->[com.google.android.libraries.places:places:2.0.0] AndroidManifest.xml:17:13-91
210            android:exported="false"
210-->[com.google.android.libraries.places:places:2.0.0] AndroidManifest.xml:18:13-37
211            android:hardwareAccelerated="true"
211-->[com.google.android.libraries.places:places:2.0.0] AndroidManifest.xml:19:13-47
212            android:label="@string/places_autocomplete_label"
212-->[com.google.android.libraries.places:places:2.0.0] AndroidManifest.xml:20:13-62
213            android:theme="@style/PlacesAutocompleteThemeOverlay"
213-->[com.google.android.libraries.places:places:2.0.0] AndroidManifest.xml:21:13-66
214            android:windowSoftInputMode="stateAlwaysVisible|adjustPan" >
214-->[com.google.android.libraries.places:places:2.0.0] AndroidManifest.xml:22:13-71
215        </activity>
216        <activity android:name="com.facebook.CustomTabMainActivity" />
216-->[com.facebook.android:facebook-common:5.15.3] AndroidManifest.xml:34:9-71
216-->[com.facebook.android:facebook-common:5.15.3] AndroidManifest.xml:34:19-68
217        <activity
217-->[com.google.firebase:firebase-auth:19.3.0] AndroidManifest.xml:24:9-31:50
218            android:name="com.google.firebase.auth.internal.FederatedSignInActivity"
218-->[com.google.firebase:firebase-auth:19.3.0] AndroidManifest.xml:25:13-85
219            android:excludeFromRecents="true"
219-->[com.google.firebase:firebase-auth:19.3.0] AndroidManifest.xml:26:13-46
220            android:exported="true"
220-->[com.google.firebase:firebase-auth:19.3.0] AndroidManifest.xml:27:13-36
221            android:launchMode="singleTask"
221-->[com.google.firebase:firebase-auth:19.3.0] AndroidManifest.xml:28:13-44
222            android:permission="com.google.firebase.auth.api.gms.permission.LAUNCH_FEDERATED_SIGN_IN"
222-->[com.google.firebase:firebase-auth:19.3.0] AndroidManifest.xml:29:13-102
223            android:theme="@android:style/Theme.Translucent.NoTitleBar" />
223-->[com.google.firebase:firebase-auth:19.3.0] AndroidManifest.xml:30:13-72
224
225        <service
225-->[com.google.firebase:firebase-auth:19.3.0] AndroidManifest.xml:33:9-39:19
226            android:name="com.google.firebase.components.ComponentDiscoveryService"
226-->[com.google.firebase:firebase-auth:19.3.0] AndroidManifest.xml:34:13-84
227            android:directBootAware="true"
227-->[com.google.firebase:firebase-common:19.3.0] AndroidManifest.xml:34:13-43
228            android:exported="false" >
228-->[com.google.firebase:firebase-auth:19.3.0] AndroidManifest.xml:35:13-37
229            <meta-data
229-->[com.google.firebase:firebase-auth:19.3.0] AndroidManifest.xml:36:13-38:85
230                android:name="com.google.firebase.components:com.google.firebase.auth.FirebaseAuthRegistrar"
230-->[com.google.firebase:firebase-auth:19.3.0] AndroidManifest.xml:37:17-109
231                android:value="com.google.firebase.components.ComponentRegistrar" />
231-->[com.google.firebase:firebase-auth:19.3.0] AndroidManifest.xml:38:17-82
232            <meta-data
232-->[com.google.firebase:firebase-firestore:21.4.0] AndroidManifest.xml:20:13-22:85
233                android:name="com.google.firebase.components:com.google.firebase.firestore.FirestoreRegistrar"
233-->[com.google.firebase:firebase-firestore:21.4.0] AndroidManifest.xml:21:17-111
234                android:value="com.google.firebase.components.ComponentRegistrar" />
234-->[com.google.firebase:firebase-firestore:21.4.0] AndroidManifest.xml:22:17-82
235            <meta-data
235-->[com.google.firebase:firebase-database:19.2.0] AndroidManifest.xml:32:13-34:85
236                android:name="com.google.firebase.components:com.google.firebase.database.DatabaseRegistrar"
236-->[com.google.firebase:firebase-database:19.2.0] AndroidManifest.xml:33:17-109
237                android:value="com.google.firebase.components.ComponentRegistrar" />
237-->[com.google.firebase:firebase-database:19.2.0] AndroidManifest.xml:34:17-82
238            <meta-data
238-->[com.google.firebase:firebase-storage:19.1.0] AndroidManifest.xml:33:13-35:85
239                android:name="com.google.firebase.components:com.google.firebase.storage.StorageRegistrar"
239-->[com.google.firebase:firebase-storage:19.1.0] AndroidManifest.xml:34:17-107
240                android:value="com.google.firebase.components.ComponentRegistrar" />
240-->[com.google.firebase:firebase-storage:19.1.0] AndroidManifest.xml:35:17-82
241            <meta-data
241-->[com.google.android.gms:play-services-measurement-api:17.2.2] AndroidManifest.xml:30:13-32:85
242                android:name="com.google.firebase.components:com.google.firebase.analytics.connector.internal.AnalyticsConnectorRegistrar"
242-->[com.google.android.gms:play-services-measurement-api:17.2.2] AndroidManifest.xml:31:17-139
243                android:value="com.google.firebase.components.ComponentRegistrar" />
243-->[com.google.android.gms:play-services-measurement-api:17.2.2] AndroidManifest.xml:32:17-82
244            <meta-data
244-->[com.google.firebase:firebase-iid:20.0.2] AndroidManifest.xml:32:13-34:85
245                android:name="com.google.firebase.components:com.google.firebase.iid.Registrar"
245-->[com.google.firebase:firebase-iid:20.0.2] AndroidManifest.xml:33:17-96
246                android:value="com.google.firebase.components.ComponentRegistrar" />
246-->[com.google.firebase:firebase-iid:20.0.2] AndroidManifest.xml:34:17-82
247        </service> <!-- Needs to be explicitly declared on P+ -->
248        <uses-library
248-->[com.google.android.gms:play-services-maps:17.0.0] AndroidManifest.xml:33:9-35:40
249            android:name="org.apache.http.legacy"
249-->[com.google.android.gms:play-services-maps:17.0.0] AndroidManifest.xml:34:13-50
250            android:required="false" />
250-->[com.google.android.gms:play-services-maps:17.0.0] AndroidManifest.xml:35:13-37
251
252        <receiver android:name="com.razorpay.RzpTokenReceiver" >
252-->[com.razorpay:checkout:1.5.13] AndroidManifest.xml:12:9-16:20
252-->[com.razorpay:checkout:1.5.13] AndroidManifest.xml:12:19-63
253            <intent-filter>
253-->[com.razorpay:checkout:1.5.13] AndroidManifest.xml:13:13-15:29
254                <action android:name="rzp.device_token.share" />
254-->[com.razorpay:checkout:1.5.13] AndroidManifest.xml:14:17-65
254-->[com.razorpay:checkout:1.5.13] AndroidManifest.xml:14:25-62
255            </intent-filter>
256        </receiver>
257
258        <activity
258-->[com.razorpay:checkout:1.5.13] AndroidManifest.xml:18:9-29:20
259            android:name="com.razorpay.CheckoutActivity"
259-->[com.razorpay:checkout:1.5.13] AndroidManifest.xml:19:13-57
260            android:configChanges="keyboard|keyboardHidden|orientation|screenSize"
260-->[com.razorpay:checkout:1.5.13] AndroidManifest.xml:20:13-83
261            android:theme="@style/CheckoutTheme" >
261-->[com.razorpay:checkout:1.5.13] AndroidManifest.xml:21:13-49
262            <intent-filter>
262-->[com.razorpay:checkout:1.5.13] AndroidManifest.xml:22:13-28:29
263                <action android:name="android.intent.action.MAIN" />
263-->src\main\AndroidManifest.xml:52:17-69
263-->src\main\AndroidManifest.xml:52:25-66
264
265                <data
265-->src\main\AndroidManifest.xml:75:17-74
266                    android:host="rzp.io"
267                    android:scheme="io.rzp" />
267-->src\main\AndroidManifest.xml:75:23-71
268            </intent-filter>
269        </activity>
270        <activity
270-->[com.journeyapps:zxing-android-embedded:3.0.2] AndroidManifest.xml:48:9-54:63
271            android:name="com.journeyapps.barcodescanner.CaptureActivity"
271-->[com.journeyapps:zxing-android-embedded:3.0.2] AndroidManifest.xml:49:13-74